# JRE version: Java(TM) SE Runtime Environment (8.0_111-b14) (build 1.8.0_111-b14)
# Java VM: Java HotSpot(TM) 64-Bit Server VM (25.111-b14 mixed mode windows-amd64 compressed oops)
Heap:
 PSYoungGen      total 296960K, used 210876K [0x00000000eab00000, 0x00000000fd900000, 0x0000000100000000)
  eden space 284672K, 70% used [0x00000000eab00000,0x00000000f6da7198,0x00000000fc100000)
  from space 12288K, 94% used [0x00000000fc100000,0x00000000fcc48000,0x00000000fcd00000)
  to   space 12288K, 0% used [0x00000000fcd00000,0x00000000fcd00000,0x00000000fd900000)
 ParOldGen       total 125440K, used 75357K [0x00000000c0000000, 0x00000000c7a80000, 0x00000000eab00000)
  object space 125440K, 60% used [0x00000000c0000000,0x00000000c49974d8,0x00000000c7a80000)
 Metaspace       used 37915K, capacity 40738K, committed 40960K, reserved 1085440K
  class space    used 5429K, capacity 5806K, committed 5888K, reserved 1048576K
GC Heap History (10 events):
Event: 278.559 GC heap before
{Heap before GC invocations=92 (full 4):
 PSYoungGen      total 293888K, used 289632K [0x00000000eab00000, 0x00000000fd800000, 0x0000000100000000)
  eden space 280576K, 100% used [0x00000000eab00000,0x00000000fbd00000,0x00000000fbd00000)
  from space 13312K, 68% used [0x00000000fbd00000,0x00000000fc5d8000,0x00000000fca00000)
  to   space 12800K, 0% used [0x00000000fcb80000,0x00000000fcb80000,0x00000000fd800000)
 ParOldGen       total 125440K, used 70349K [0x00000000c0000000, 0x00000000c7a80000, 0x00000000eab00000)
  object space 125440K, 56% used [0x00000000c0000000,0x00000000c44b34d8,0x00000000c7a80000)
 Metaspace       used 37913K, capacity 40674K, committed 40960K, reserved 1085440K
  class space    used 5429K, capacity 5806K, committed 5888K, reserved 1048576K
Event: 278.580 GC heap after
Heap after GC invocations=92 (full 4):
 PSYoungGen      total 295424K, used 8928K [0x00000000eab00000, 0x00000000fd800000, 0x0000000100000000)
  eden space 282624K, 0% used [0x00000000eab00000,0x00000000eab00000,0x00000000fbf00000)
  from space 12800K, 69% used [0x00000000fcb80000,0x00000000fd438000,0x00000000fd800000)
  to   space 12800K, 0% used [0x00000000fbf00000,0x00000000fbf00000,0x00000000fcb80000)
 ParOldGen       total 125440K, used 71253K [0x00000000c0000000, 0x00000000c7a80000, 0x00000000eab00000)
  object space 125440K, 56% used [0x00000000c0000000,0x00000000c45954d8,0x00000000c7a80000)
 Metaspace       used 37913K, capacity 40674K, committed 40960K, reserved 1085440K
  class space    used 5429K, capacity 5806K, committed 5888K, reserved 1048576K
}
Event: 281.913 GC heap before
{Heap before GC invocations=93 (full 4):
 PSYoungGen      total 295424K, used 291552K [0x00000000eab00000, 0x00000000fd800000, 0x0000000100000000)
  eden space 282624K, 100% used [0x00000000eab00000,0x00000000fbf00000,0x00000000fbf00000)
  from space 12800K, 69% used [0x00000000fcb80000,0x00000000fd438000,0x00000000fd800000)
  to   space 12800K, 0% used [0x00000000fbf00000,0x00000000fbf00000,0x00000000fcb80000)
 ParOldGen       total 125440K, used 71253K [0x00000000c0000000, 0x00000000c7a80000, 0x00000000eab00000)
  object space 125440K, 56% used [0x00000000c0000000,0x00000000c45954d8,0x00000000c7a80000)
 Metaspace       used 37913K, capacity 40674K, committed 40960K, reserved 1085440K
  class space    used 5429K, capacity 5806K, committed 5888K, reserved 1048576K
Event: 281.924 GC heap after
Heap after GC invocations=93 (full 4):
 PSYoungGen      total 295424K, used 8896K [0x00000000eab00000, 0x00000000fd900000, 0x0000000100000000)
  eden space 282624K, 0% used [0x00000000eab00000,0x00000000eab00000,0x00000000fbf00000)
  from space 12800K, 69% used [0x00000000fbf00000,0x00000000fc7b0000,0x00000000fcb80000)
  to   space 12288K, 0% used [0x00000000fcd00000,0x00000000fcd00000,0x00000000fd900000)
 ParOldGen       total 125440K, used 72045K [0x00000000c0000000, 0x00000000c7a80000, 0x00000000eab00000)
  object space 125440K, 57% used [0x00000000c0000000,0x00000000c465b4d8,0x00000000c7a80000)
 Metaspace       used 37913K, capacity 40674K, committed 40960K, reserved 1085440K
  class space    used 5429K, capacity 5806K, committed 5888K, reserved 1048576K
}
Event: 284.428 GC heap before
{Heap before GC invocations=94 (full 4):
 PSYoungGen      total 295424K, used 291520K [0x00000000eab00000, 0x00000000fd900000, 0x0000000100000000)
  eden space 282624K, 100% used [0x00000000eab00000,0x00000000fbf00000,0x00000000fbf00000)
  from space 12800K, 69% used [0x00000000fbf00000,0x00000000fc7b0000,0x00000000fcb80000)
  to   space 12288K, 0% used [0x00000000fcd00000,0x00000000fcd00000,0x00000000fd900000)
 ParOldGen       total 125440K, used 72045K [0x00000000c0000000, 0x00000000c7a80000, 0x00000000eab00000)
  object space 125440K, 57% used [0x00000000c0000000,0x00000000c465b4d8,0x00000000c7a80000)
 Metaspace       used 37913K, capacity 40674K, committed 40960K, reserved 1085440K
  class space    used 5429K, capacity 5806K, committed 5888K, reserved 1048576K
Event: 284.437 GC heap after
Heap after GC invocations=94 (full 4):
 PSYoungGen      total 296960K, used 8800K [0x00000000eab00000, 0x00000000fd900000, 0x0000000100000000)
  eden space 284672K, 0% used [0x00000000eab00000,0x00000000eab00000,0x00000000fc100000)
  from space 12288K, 71% used [0x00000000fcd00000,0x00000000fd598000,0x00000000fd900000)
  to   space 12288K, 0% used [0x00000000fc100000,0x00000000fc100000,0x00000000fcd00000)
 ParOldGen       total 125440K, used 72757K [0x00000000c0000000, 0x00000000c7a80000, 0x00000000eab00000)
  object space 125440K, 58% used [0x00000000c0000000,0x00000000c470d4d8,0x00000000c7a80000)
 Metaspace       used 37913K, capacity 40674K, committed 40960K, reserved 1085440K
  class space    used 5429K, capacity 5806K, committed 5888K, reserved 1048576K
}
Event: 287.572 GC heap before
{Heap before GC invocations=95 (full 4):
 PSYoungGen      total 296960K, used 293472K [0x00000000eab00000, 0x00000000fd900000, 0x0000000100000000)
  eden space 284672K, 100% used [0x00000000eab00000,0x00000000fc100000,0x00000000fc100000)
  from space 12288K, 71% used [0x00000000fcd00000,0x00000000fd598000,0x00000000fd900000)
  to   space 12288K, 0% used [0x00000000fc100000,0x00000000fc100000,0x00000000fcd00000)
 ParOldGen       total 125440K, used 72757K [0x00000000c0000000, 0x00000000c7a80000, 0x00000000eab00000)
  object space 125440K, 58% used [0x00000000c0000000,0x00000000c470d4d8,0x00000000c7a80000)
 Metaspace       used 37913K, capacity 40674K, committed 40960K, reserved 1085440K
  class space    used 5429K, capacity 5806K, committed 5888K, reserved 1048576K
Event: 287.583 GC heap after
Heap after GC invocations=95 (full 4):
 PSYoungGen      total 296960K, used 9440K [0x00000000eab00000, 0x00000000fd900000, 0x0000000100000000)
  eden space 284672K, 0% used [0x00000000eab00000,0x00000000eab00000,0x00000000fc100000)
  from space 12288K, 76% used [0x00000000fc100000,0x00000000fca38000,0x00000000fcd00000)
  to   space 12288K, 0% used [0x00000000fcd00000,0x00000000fcd00000,0x00000000fd900000)
 ParOldGen       total 125440K, used 73117K [0x00000000c0000000, 0x00000000c7a80000, 0x00000000eab00000)
  object space 125440K, 58% used [0x00000000c0000000,0x00000000c47674d8,0x00000000c7a80000)
 Metaspace       used 37913K, capacity 40674K, committed 40960K, reserved 1085440K
  class space    used 5429K, capacity 5806K, committed 5888K, reserved 1048576K
}
Event: 290.700 GC heap before
{Heap before GC invocations=96 (full 4):
 PSYoungGen      total 296960K, used 294112K [0x00000000eab00000, 0x00000000fd900000, 0x0000000100000000)
  eden space 284672K, 100% used [0x00000000eab00000,0x00000000fc100000,0x00000000fc100000)
  from space 12288K, 76% used [0x00000000fc100000,0x00000000fca38000,0x00000000fcd00000)
  to   space 12288K, 0% used [0x00000000fcd00000,0x00000000fcd00000,0x00000000fd900000)
 ParOldGen       total 125440K, used 73117K [0x00000000c0000000, 0x00000000c7a80000, 0x00000000eab00000)
  object space 125440K, 58% used [0x00000000c0000000,0x00000000c47674d8,0x00000000c7a80000)
 Metaspace       used 37913K, capacity 40674K, committed 40960K, reserved 1085440K
  class space    used 5429K, capacity 5806K, committed 5888K, reserved 1048576K
Event: 290.712 GC heap after
Heap after GC invocations=96 (full 4):
 PSYoungGen      total 296960K, used 9632K [0x00000000eab00000, 0x00000000fd900000, 0x0000000100000000)
  eden space 284672K, 0% used [0x00000000eab00000,0x00000000eab00000,0x00000000fc100000)
  from space 12288K, 78% used [0x00000000fcd00000,0x00000000fd668000,0x00000000fd900000)
  to   space 12288K, 0% used [0x00000000fc100000,0x00000000fc100000,0x00000000fcd00000)
 ParOldGen       total 125440K, used 73645K [0x00000000c0000000, 0x00000000c7a80000, 0x00000000eab00000)
  object space 125440K, 58% used [0x00000000c0000000,0x00000000c47eb4d8,0x00000000c7a80000)
 Metaspace       used 37913K, capacity 40674K, committed 40960K, reserved 1085440K
  class space    used 5429K, capacity 5806K, committed 5888K, reserved 1048576K
}

